<?xml version="1.0" encoding="UTF-8"?>
<testsuite xmlns:xsi="http://www.w3.org/2001/XMLSchema-instance" xsi:noNamespaceSchemaLocation="https://maven.apache.org/surefire/maven-surefire-plugin/xsd/surefire-test-report-3.0.xsd" version="3.0" name="com.example.scripttomcpserver.service.impl.MCPServerGeneratorServiceImplTest" time="5.924" tests="4" errors="0" skipped="0" failures="0">
  <properties>
    <property name="java.specification.version" value="24"/>
    <property name="sun.jnu.encoding" value="UTF-8"/>
    <property name="java.class.path" value="/Users/kuangjizu/Desktop/work/秋招/ScriptToMCPServer/target/test-classes:/Users/kuangjizu/Desktop/work/秋招/ScriptToMCPServer/target/classes:/Users/kuangjizu/.m2/repository/com/jcraft/jsch/0.1.55/jsch-0.1.55.jar:/Users/kuangjizu/.m2/repository/org/freemarker/freemarker/2.3.31/freemarker-2.3.31.jar:/Users/kuangjizu/.m2/repository/com/github/docker-java/docker-java/3.2.13/docker-java-3.2.13.jar:/Users/kuangjizu/.m2/repository/com/github/docker-java/docker-java-core/3.2.13/docker-java-core-3.2.13.jar:/Users/kuangjizu/.m2/repository/com/github/docker-java/docker-java-api/3.2.13/docker-java-api-3.2.13.jar:/Users/kuangjizu/.m2/repository/com/fasterxml/jackson/core/jackson-annotations/2.10.3/jackson-annotations-2.10.3.jar:/Users/kuangjizu/.m2/repository/com/github/docker-java/docker-java-transport/3.2.13/docker-java-transport-3.2.13.jar:/Users/kuangjizu/.m2/repository/commons-io/commons-io/2.6/commons-io-2.6.jar:/Users/kuangjizu/.m2/repository/org/apache/commons/commons-compress/1.21/commons-compress-1.21.jar:/Users/kuangjizu/.m2/repository/org/apache/commons/commons-lang3/3.12.0/commons-lang3-3.12.0.jar:/Users/kuangjizu/.m2/repository/com/fasterxml/jackson/core/jackson-databind/2.10.3/jackson-databind-2.10.3.jar:/Users/kuangjizu/.m2/repository/com/fasterxml/jackson/core/jackson-core/2.10.3/jackson-core-2.10.3.jar:/Users/kuangjizu/.m2/repository/com/google/guava/guava/19.0/guava-19.0.jar:/Users/kuangjizu/.m2/repository/org/bouncycastle/bcpkix-jdk15on/1.64/bcpkix-jdk15on-1.64.jar:/Users/kuangjizu/.m2/repository/org/bouncycastle/bcprov-jdk15on/1.64/bcprov-jdk15on-1.64.jar:/Users/kuangjizu/.m2/repository/com/github/docker-java/docker-java-transport-jersey/3.2.13/docker-java-transport-jersey-3.2.13.jar:/Users/kuangjizu/.m2/repository/com/fasterxml/jackson/jaxrs/jackson-jaxrs-json-provider/2.10.3/jackson-jaxrs-json-provider-2.10.3.jar:/Users/kuangjizu/.m2/repository/com/fasterxml/jackson/jaxrs/jackson-jaxrs-base/2.10.3/jackson-jaxrs-base-2.10.3.jar:/Users/kuangjizu/.m2/repository/com/fasterxml/jackson/module/jackson-module-jaxb-annotations/2.10.3/jackson-module-jaxb-annotations-2.10.3.jar:/Users/kuangjizu/.m2/repository/org/glassfish/jersey/connectors/jersey-apache-connector/2.30.1/jersey-apache-connector-2.30.1.jar:/Users/kuangjizu/.m2/repository/org/glassfish/jersey/core/jersey-common/2.30.1/jersey-common-2.30.1.jar:/Users/kuangjizu/.m2/repository/org/glassfish/hk2/osgi-resource-locator/1.0.3/osgi-resource-locator-1.0.3.jar:/Users/kuangjizu/.m2/repository/com/sun/activation/jakarta.activation/1.2.1/jakarta.activation-1.2.1.jar:/Users/kuangjizu/.m2/repository/jakarta/ws/rs/jakarta.ws.rs-api/2.1.6/jakarta.ws.rs-api-2.1.6.jar:/Users/kuangjizu/.m2/repository/org/apache/httpcomponents/httpcore/4.4.13/httpcore-4.4.13.jar:/Users/kuangjizu/.m2/repository/org/apache/httpcomponents/httpclient/4.5.12/httpclient-4.5.12.jar:/Users/kuangjizu/.m2/repository/commons-codec/commons-codec/1.11/commons-codec-1.11.jar:/Users/kuangjizu/.m2/repository/org/glassfish/jersey/core/jersey-client/2.30.1/jersey-client-2.30.1.jar:/Users/kuangjizu/.m2/repository/org/glassfish/hk2/external/jakarta.inject/2.6.1/jakarta.inject-2.6.1.jar:/Users/kuangjizu/.m2/repository/org/glassfish/jersey/inject/jersey-hk2/2.30.1/jersey-hk2-2.30.1.jar:/Users/kuangjizu/.m2/repository/org/glassfish/hk2/hk2-locator/2.6.1/hk2-locator-2.6.1.jar:/Users/kuangjizu/.m2/repository/org/glassfish/hk2/external/aopalliance-repackaged/2.6.1/aopalliance-repackaged-2.6.1.jar:/Users/kuangjizu/.m2/repository/org/glassfish/hk2/hk2-api/2.6.1/hk2-api-2.6.1.jar:/Users/kuangjizu/.m2/repository/org/glassfish/hk2/hk2-utils/2.6.1/hk2-utils-2.6.1.jar:/Users/kuangjizu/.m2/repository/org/javassist/javassist/3.25.0-GA/javassist-3.25.0-GA.jar:/Users/kuangjizu/.m2/repository/com/kohlschutter/junixsocket/junixsocket-common/2.3.2/junixsocket-common-2.3.2.jar:/Users/kuangjizu/.m2/repository/com/kohlschutter/junixsocket/junixsocket-native-common/2.3.2/junixsocket-native-common-2.3.2.jar:/Users/kuangjizu/.m2/repository/com/github/docker-java/docker-java-transport-netty/3.2.13/docker-java-transport-netty-3.2.13.jar:/Users/kuangjizu/.m2/repository/io/netty/netty-codec-http/4.1.46.Final/netty-codec-http-4.1.46.Final.jar:/Users/kuangjizu/.m2/repository/io/netty/netty-common/4.1.46.Final/netty-common-4.1.46.Final.jar:/Users/kuangjizu/.m2/repository/io/netty/netty-buffer/4.1.46.Final/netty-buffer-4.1.46.Final.jar:/Users/kuangjizu/.m2/repository/io/netty/netty-transport/4.1.46.Final/netty-transport-4.1.46.Final.jar:/Users/kuangjizu/.m2/repository/io/netty/netty-codec/4.1.46.Final/netty-codec-4.1.46.Final.jar:/Users/kuangjizu/.m2/repository/io/netty/netty-handler/4.1.46.Final/netty-handler-4.1.46.Final.jar:/Users/kuangjizu/.m2/repository/io/netty/netty-resolver/4.1.46.Final/netty-resolver-4.1.46.Final.jar:/Users/kuangjizu/.m2/repository/io/netty/netty-handler-proxy/4.1.46.Final/netty-handler-proxy-4.1.46.Final.jar:/Users/kuangjizu/.m2/repository/io/netty/netty-codec-socks/4.1.46.Final/netty-codec-socks-4.1.46.Final.jar:/Users/kuangjizu/.m2/repository/io/netty/netty-transport-native-epoll/4.1.46.Final/netty-transport-native-epoll-4.1.46.Final-linux-x86_64.jar:/Users/kuangjizu/.m2/repository/io/netty/netty-transport-native-unix-common/4.1.46.Final/netty-transport-native-unix-common-4.1.46.Final.jar:/Users/kuangjizu/.m2/repository/io/netty/netty-transport-native-kqueue/4.1.46.Final/netty-transport-native-kqueue-4.1.46.Final-osx-x86_64.jar:/Users/kuangjizu/.m2/repository/org/slf4j/jcl-over-slf4j/1.7.30/jcl-over-slf4j-1.7.30.jar:/Users/kuangjizu/.m2/repository/org/springframework/boot/spring-boot-starter-web/2.7.5/spring-boot-starter-web-2.7.5.jar:/Users/kuangjizu/.m2/repository/org/springframework/boot/spring-boot-starter/2.7.5/spring-boot-starter-2.7.5.jar:/Users/kuangjizu/.m2/repository/org/springframework/boot/spring-boot/2.7.5/spring-boot-2.7.5.jar:/Users/kuangjizu/.m2/repository/org/springframework/boot/spring-boot-autoconfigure/2.7.5/spring-boot-autoconfigure-2.7.5.jar:/Users/kuangjizu/.m2/repository/org/springframework/boot/spring-boot-starter-logging/2.7.5/spring-boot-starter-logging-2.7.5.jar:/Users/kuangjizu/.m2/repository/org/apache/logging/log4j/log4j-to-slf4j/2.17.2/log4j-to-slf4j-2.17.2.jar:/Users/kuangjizu/.m2/repository/org/apache/logging/log4j/log4j-api/2.17.2/log4j-api-2.17.2.jar:/Users/kuangjizu/.m2/repository/org/slf4j/jul-to-slf4j/1.7.36/jul-to-slf4j-1.7.36.jar:/Users/kuangjizu/.m2/repository/jakarta/annotation/jakarta.annotation-api/1.3.5/jakarta.annotation-api-1.3.5.jar:/Users/kuangjizu/.m2/repository/org/yaml/snakeyaml/1.30/snakeyaml-1.30.jar:/Users/kuangjizu/.m2/repository/org/springframework/boot/spring-boot-starter-json/2.7.5/spring-boot-starter-json-2.7.5.jar:/Users/kuangjizu/.m2/repository/com/fasterxml/jackson/datatype/jackson-datatype-jdk8/2.13.4/jackson-datatype-jdk8-2.13.4.jar:/Users/kuangjizu/.m2/repository/com/fasterxml/jackson/datatype/jackson-datatype-jsr310/2.13.4/jackson-datatype-jsr310-2.13.4.jar:/Users/kuangjizu/.m2/repository/com/fasterxml/jackson/module/jackson-module-parameter-names/2.13.4/jackson-module-parameter-names-2.13.4.jar:/Users/kuangjizu/.m2/repository/org/springframework/boot/spring-boot-starter-tomcat/2.7.5/spring-boot-starter-tomcat-2.7.5.jar:/Users/kuangjizu/.m2/repository/org/apache/tomcat/embed/tomcat-embed-core/9.0.68/tomcat-embed-core-9.0.68.jar:/Users/kuangjizu/.m2/repository/org/apache/tomcat/embed/tomcat-embed-el/9.0.68/tomcat-embed-el-9.0.68.jar:/Users/kuangjizu/.m2/repository/org/apache/tomcat/embed/tomcat-embed-websocket/9.0.68/tomcat-embed-websocket-9.0.68.jar:/Users/kuangjizu/.m2/repository/org/springframework/spring-web/5.3.23/spring-web-5.3.23.jar:/Users/kuangjizu/.m2/repository/org/springframework/spring-beans/5.3.23/spring-beans-5.3.23.jar:/Users/kuangjizu/.m2/repository/org/springframework/spring-webmvc/5.3.23/spring-webmvc-5.3.23.jar:/Users/kuangjizu/.m2/repository/org/springframework/spring-aop/5.3.23/spring-aop-5.3.23.jar:/Users/kuangjizu/.m2/repository/org/springframework/spring-context/5.3.23/spring-context-5.3.23.jar:/Users/kuangjizu/.m2/repository/org/springframework/spring-expression/5.3.23/spring-expression-5.3.23.jar:/Users/kuangjizu/.m2/repository/org/springframework/boot/spring-boot-configuration-processor/2.7.5/spring-boot-configuration-processor-2.7.5.jar:/Users/kuangjizu/.m2/repository/javax/validation/validation-api/2.0.1.Final/validation-api-2.0.1.Final.jar:/Users/kuangjizu/.m2/repository/org/hibernate/validator/hibernate-validator/6.2.0.Final/hibernate-validator-6.2.0.Final.jar:/Users/kuangjizu/.m2/repository/jakarta/validation/jakarta.validation-api/2.0.2/jakarta.validation-api-2.0.2.jar:/Users/kuangjizu/.m2/repository/org/jboss/logging/jboss-logging/3.4.1.Final/jboss-logging-3.4.1.Final.jar:/Users/kuangjizu/.m2/repository/com/fasterxml/classmate/1.5.1/classmate-1.5.1.jar:/Users/kuangjizu/.m2/repository/org/slf4j/slf4j-api/1.7.36/slf4j-api-1.7.36.jar:/Users/kuangjizu/.m2/repository/ch/qos/logback/logback-classic/1.2.11/logback-classic-1.2.11.jar:/Users/kuangjizu/.m2/repository/ch/qos/logback/logback-core/1.2.11/logback-core-1.2.11.jar:/Users/kuangjizu/.m2/repository/org/springframework/boot/spring-boot-starter-test/2.7.5/spring-boot-starter-test-2.7.5.jar:/Users/kuangjizu/.m2/repository/org/springframework/boot/spring-boot-test/2.7.5/spring-boot-test-2.7.5.jar:/Users/kuangjizu/.m2/repository/org/springframework/boot/spring-boot-test-autoconfigure/2.7.5/spring-boot-test-autoconfigure-2.7.5.jar:/Users/kuangjizu/.m2/repository/com/jayway/jsonpath/json-path/2.7.0/json-path-2.7.0.jar:/Users/kuangjizu/.m2/repository/net/minidev/json-smart/2.4.7/json-smart-2.4.7.jar:/Users/kuangjizu/.m2/repository/net/minidev/accessors-smart/2.4.7/accessors-smart-2.4.7.jar:/Users/kuangjizu/.m2/repository/org/ow2/asm/asm/9.1/asm-9.1.jar:/Users/kuangjizu/.m2/repository/jakarta/xml/bind/jakarta.xml.bind-api/2.3.3/jakarta.xml.bind-api-2.3.3.jar:/Users/kuangjizu/.m2/repository/jakarta/activation/jakarta.activation-api/1.2.2/jakarta.activation-api-1.2.2.jar:/Users/kuangjizu/.m2/repository/org/assertj/assertj-core/3.22.0/assertj-core-3.22.0.jar:/Users/kuangjizu/.m2/repository/org/hamcrest/hamcrest/2.2/hamcrest-2.2.jar:/Users/kuangjizu/.m2/repository/org/junit/jupiter/junit-jupiter/5.8.2/junit-jupiter-5.8.2.jar:/Users/kuangjizu/.m2/repository/org/junit/jupiter/junit-jupiter-api/5.8.2/junit-jupiter-api-5.8.2.jar:/Users/kuangjizu/.m2/repository/org/opentest4j/opentest4j/1.2.0/opentest4j-1.2.0.jar:/Users/kuangjizu/.m2/repository/org/junit/platform/junit-platform-commons/1.8.2/junit-platform-commons-1.8.2.jar:/Users/kuangjizu/.m2/repository/org/apiguardian/apiguardian-api/1.1.2/apiguardian-api-1.1.2.jar:/Users/kuangjizu/.m2/repository/org/junit/jupiter/junit-jupiter-params/5.8.2/junit-jupiter-params-5.8.2.jar:/Users/kuangjizu/.m2/repository/org/junit/jupiter/junit-jupiter-engine/5.8.2/junit-jupiter-engine-5.8.2.jar:/Users/kuangjizu/.m2/repository/org/junit/platform/junit-platform-engine/1.8.2/junit-platform-engine-1.8.2.jar:/Users/kuangjizu/.m2/repository/org/mockito/mockito-core/4.5.1/mockito-core-4.5.1.jar:/Users/kuangjizu/.m2/repository/net/bytebuddy/byte-buddy/1.12.9/byte-buddy-1.12.9.jar:/Users/kuangjizu/.m2/repository/net/bytebuddy/byte-buddy-agent/1.12.9/byte-buddy-agent-1.12.9.jar:/Users/kuangjizu/.m2/repository/org/objenesis/objenesis/3.2/objenesis-3.2.jar:/Users/kuangjizu/.m2/repository/org/mockito/mockito-junit-jupiter/4.5.1/mockito-junit-jupiter-4.5.1.jar:/Users/kuangjizu/.m2/repository/org/skyscreamer/jsonassert/1.5.1/jsonassert-1.5.1.jar:/Users/kuangjizu/.m2/repository/com/vaadin/external/google/android-json/0.0.20131108.vaadin1/android-json-0.0.20131108.vaadin1.jar:/Users/kuangjizu/.m2/repository/org/springframework/spring-core/5.3.23/spring-core-5.3.23.jar:/Users/kuangjizu/.m2/repository/org/springframework/spring-jcl/5.3.23/spring-jcl-5.3.23.jar:/Users/kuangjizu/.m2/repository/org/springframework/spring-test/5.3.23/spring-test-5.3.23.jar:/Users/kuangjizu/.m2/repository/org/xmlunit/xmlunit-core/2.9.0/xmlunit-core-2.9.0.jar:"/>
    <property name="java.vm.vendor" value="Homebrew"/>
    <property name="sun.arch.data.model" value="64"/>
    <property name="java.vendor.url" value="https://github.com/Homebrew/homebrew-core/issues"/>
    <property name="user.timezone" value="Asia/Shanghai"/>
    <property name="os.name" value="Mac OS X"/>
    <property name="java.vm.specification.version" value="24"/>
    <property name="sun.java.launcher" value="SUN_STANDARD"/>
    <property name="user.country" value="CN"/>
    <property name="sun.boot.library.path" value="/opt/homebrew/Cellar/openjdk/24.0.1/libexec/openjdk.jdk/Contents/Home/lib"/>
    <property name="sun.java.command" value="/Users/kuangjizu/Desktop/work/秋招/ScriptToMCPServer/target/surefire/surefirebooter-20250804201809714_3.jar /Users/kuangjizu/Desktop/work/秋招/ScriptToMCPServer/target/surefire 2025-08-04T20-18-09_681-jvmRun1 surefire-20250804201809714_1tmp surefire_0-20250804201809714_2tmp"/>
    <property name="jdk.debug" value="release"/>
    <property name="surefire.test.class.path" value="/Users/kuangjizu/Desktop/work/秋招/ScriptToMCPServer/target/test-classes:/Users/kuangjizu/Desktop/work/秋招/ScriptToMCPServer/target/classes:/Users/kuangjizu/.m2/repository/com/jcraft/jsch/0.1.55/jsch-0.1.55.jar:/Users/kuangjizu/.m2/repository/org/freemarker/freemarker/2.3.31/freemarker-2.3.31.jar:/Users/kuangjizu/.m2/repository/com/github/docker-java/docker-java/3.2.13/docker-java-3.2.13.jar:/Users/kuangjizu/.m2/repository/com/github/docker-java/docker-java-core/3.2.13/docker-java-core-3.2.13.jar:/Users/kuangjizu/.m2/repository/com/github/docker-java/docker-java-api/3.2.13/docker-java-api-3.2.13.jar:/Users/kuangjizu/.m2/repository/com/fasterxml/jackson/core/jackson-annotations/2.10.3/jackson-annotations-2.10.3.jar:/Users/kuangjizu/.m2/repository/com/github/docker-java/docker-java-transport/3.2.13/docker-java-transport-3.2.13.jar:/Users/kuangjizu/.m2/repository/commons-io/commons-io/2.6/commons-io-2.6.jar:/Users/kuangjizu/.m2/repository/org/apache/commons/commons-compress/1.21/commons-compress-1.21.jar:/Users/kuangjizu/.m2/repository/org/apache/commons/commons-lang3/3.12.0/commons-lang3-3.12.0.jar:/Users/kuangjizu/.m2/repository/com/fasterxml/jackson/core/jackson-databind/2.10.3/jackson-databind-2.10.3.jar:/Users/kuangjizu/.m2/repository/com/fasterxml/jackson/core/jackson-core/2.10.3/jackson-core-2.10.3.jar:/Users/kuangjizu/.m2/repository/com/google/guava/guava/19.0/guava-19.0.jar:/Users/kuangjizu/.m2/repository/org/bouncycastle/bcpkix-jdk15on/1.64/bcpkix-jdk15on-1.64.jar:/Users/kuangjizu/.m2/repository/org/bouncycastle/bcprov-jdk15on/1.64/bcprov-jdk15on-1.64.jar:/Users/kuangjizu/.m2/repository/com/github/docker-java/docker-java-transport-jersey/3.2.13/docker-java-transport-jersey-3.2.13.jar:/Users/kuangjizu/.m2/repository/com/fasterxml/jackson/jaxrs/jackson-jaxrs-json-provider/2.10.3/jackson-jaxrs-json-provider-2.10.3.jar:/Users/kuangjizu/.m2/repository/com/fasterxml/jackson/jaxrs/jackson-jaxrs-base/2.10.3/jackson-jaxrs-base-2.10.3.jar:/Users/kuangjizu/.m2/repository/com/fasterxml/jackson/module/jackson-module-jaxb-annotations/2.10.3/jackson-module-jaxb-annotations-2.10.3.jar:/Users/kuangjizu/.m2/repository/org/glassfish/jersey/connectors/jersey-apache-connector/2.30.1/jersey-apache-connector-2.30.1.jar:/Users/kuangjizu/.m2/repository/org/glassfish/jersey/core/jersey-common/2.30.1/jersey-common-2.30.1.jar:/Users/kuangjizu/.m2/repository/org/glassfish/hk2/osgi-resource-locator/1.0.3/osgi-resource-locator-1.0.3.jar:/Users/kuangjizu/.m2/repository/com/sun/activation/jakarta.activation/1.2.1/jakarta.activation-1.2.1.jar:/Users/kuangjizu/.m2/repository/jakarta/ws/rs/jakarta.ws.rs-api/2.1.6/jakarta.ws.rs-api-2.1.6.jar:/Users/kuangjizu/.m2/repository/org/apache/httpcomponents/httpcore/4.4.13/httpcore-4.4.13.jar:/Users/kuangjizu/.m2/repository/org/apache/httpcomponents/httpclient/4.5.12/httpclient-4.5.12.jar:/Users/kuangjizu/.m2/repository/commons-codec/commons-codec/1.11/commons-codec-1.11.jar:/Users/kuangjizu/.m2/repository/org/glassfish/jersey/core/jersey-client/2.30.1/jersey-client-2.30.1.jar:/Users/kuangjizu/.m2/repository/org/glassfish/hk2/external/jakarta.inject/2.6.1/jakarta.inject-2.6.1.jar:/Users/kuangjizu/.m2/repository/org/glassfish/jersey/inject/jersey-hk2/2.30.1/jersey-hk2-2.30.1.jar:/Users/kuangjizu/.m2/repository/org/glassfish/hk2/hk2-locator/2.6.1/hk2-locator-2.6.1.jar:/Users/kuangjizu/.m2/repository/org/glassfish/hk2/external/aopalliance-repackaged/2.6.1/aopalliance-repackaged-2.6.1.jar:/Users/kuangjizu/.m2/repository/org/glassfish/hk2/hk2-api/2.6.1/hk2-api-2.6.1.jar:/Users/kuangjizu/.m2/repository/org/glassfish/hk2/hk2-utils/2.6.1/hk2-utils-2.6.1.jar:/Users/kuangjizu/.m2/repository/org/javassist/javassist/3.25.0-GA/javassist-3.25.0-GA.jar:/Users/kuangjizu/.m2/repository/com/kohlschutter/junixsocket/junixsocket-common/2.3.2/junixsocket-common-2.3.2.jar:/Users/kuangjizu/.m2/repository/com/kohlschutter/junixsocket/junixsocket-native-common/2.3.2/junixsocket-native-common-2.3.2.jar:/Users/kuangjizu/.m2/repository/com/github/docker-java/docker-java-transport-netty/3.2.13/docker-java-transport-netty-3.2.13.jar:/Users/kuangjizu/.m2/repository/io/netty/netty-codec-http/4.1.46.Final/netty-codec-http-4.1.46.Final.jar:/Users/kuangjizu/.m2/repository/io/netty/netty-common/4.1.46.Final/netty-common-4.1.46.Final.jar:/Users/kuangjizu/.m2/repository/io/netty/netty-buffer/4.1.46.Final/netty-buffer-4.1.46.Final.jar:/Users/kuangjizu/.m2/repository/io/netty/netty-transport/4.1.46.Final/netty-transport-4.1.46.Final.jar:/Users/kuangjizu/.m2/repository/io/netty/netty-codec/4.1.46.Final/netty-codec-4.1.46.Final.jar:/Users/kuangjizu/.m2/repository/io/netty/netty-handler/4.1.46.Final/netty-handler-4.1.46.Final.jar:/Users/kuangjizu/.m2/repository/io/netty/netty-resolver/4.1.46.Final/netty-resolver-4.1.46.Final.jar:/Users/kuangjizu/.m2/repository/io/netty/netty-handler-proxy/4.1.46.Final/netty-handler-proxy-4.1.46.Final.jar:/Users/kuangjizu/.m2/repository/io/netty/netty-codec-socks/4.1.46.Final/netty-codec-socks-4.1.46.Final.jar:/Users/kuangjizu/.m2/repository/io/netty/netty-transport-native-epoll/4.1.46.Final/netty-transport-native-epoll-4.1.46.Final-linux-x86_64.jar:/Users/kuangjizu/.m2/repository/io/netty/netty-transport-native-unix-common/4.1.46.Final/netty-transport-native-unix-common-4.1.46.Final.jar:/Users/kuangjizu/.m2/repository/io/netty/netty-transport-native-kqueue/4.1.46.Final/netty-transport-native-kqueue-4.1.46.Final-osx-x86_64.jar:/Users/kuangjizu/.m2/repository/org/slf4j/jcl-over-slf4j/1.7.30/jcl-over-slf4j-1.7.30.jar:/Users/kuangjizu/.m2/repository/org/springframework/boot/spring-boot-starter-web/2.7.5/spring-boot-starter-web-2.7.5.jar:/Users/kuangjizu/.m2/repository/org/springframework/boot/spring-boot-starter/2.7.5/spring-boot-starter-2.7.5.jar:/Users/kuangjizu/.m2/repository/org/springframework/boot/spring-boot/2.7.5/spring-boot-2.7.5.jar:/Users/kuangjizu/.m2/repository/org/springframework/boot/spring-boot-autoconfigure/2.7.5/spring-boot-autoconfigure-2.7.5.jar:/Users/kuangjizu/.m2/repository/org/springframework/boot/spring-boot-starter-logging/2.7.5/spring-boot-starter-logging-2.7.5.jar:/Users/kuangjizu/.m2/repository/org/apache/logging/log4j/log4j-to-slf4j/2.17.2/log4j-to-slf4j-2.17.2.jar:/Users/kuangjizu/.m2/repository/org/apache/logging/log4j/log4j-api/2.17.2/log4j-api-2.17.2.jar:/Users/kuangjizu/.m2/repository/org/slf4j/jul-to-slf4j/1.7.36/jul-to-slf4j-1.7.36.jar:/Users/kuangjizu/.m2/repository/jakarta/annotation/jakarta.annotation-api/1.3.5/jakarta.annotation-api-1.3.5.jar:/Users/kuangjizu/.m2/repository/org/yaml/snakeyaml/1.30/snakeyaml-1.30.jar:/Users/kuangjizu/.m2/repository/org/springframework/boot/spring-boot-starter-json/2.7.5/spring-boot-starter-json-2.7.5.jar:/Users/kuangjizu/.m2/repository/com/fasterxml/jackson/datatype/jackson-datatype-jdk8/2.13.4/jackson-datatype-jdk8-2.13.4.jar:/Users/kuangjizu/.m2/repository/com/fasterxml/jackson/datatype/jackson-datatype-jsr310/2.13.4/jackson-datatype-jsr310-2.13.4.jar:/Users/kuangjizu/.m2/repository/com/fasterxml/jackson/module/jackson-module-parameter-names/2.13.4/jackson-module-parameter-names-2.13.4.jar:/Users/kuangjizu/.m2/repository/org/springframework/boot/spring-boot-starter-tomcat/2.7.5/spring-boot-starter-tomcat-2.7.5.jar:/Users/kuangjizu/.m2/repository/org/apache/tomcat/embed/tomcat-embed-core/9.0.68/tomcat-embed-core-9.0.68.jar:/Users/kuangjizu/.m2/repository/org/apache/tomcat/embed/tomcat-embed-el/9.0.68/tomcat-embed-el-9.0.68.jar:/Users/kuangjizu/.m2/repository/org/apache/tomcat/embed/tomcat-embed-websocket/9.0.68/tomcat-embed-websocket-9.0.68.jar:/Users/kuangjizu/.m2/repository/org/springframework/spring-web/5.3.23/spring-web-5.3.23.jar:/Users/kuangjizu/.m2/repository/org/springframework/spring-beans/5.3.23/spring-beans-5.3.23.jar:/Users/kuangjizu/.m2/repository/org/springframework/spring-webmvc/5.3.23/spring-webmvc-5.3.23.jar:/Users/kuangjizu/.m2/repository/org/springframework/spring-aop/5.3.23/spring-aop-5.3.23.jar:/Users/kuangjizu/.m2/repository/org/springframework/spring-context/5.3.23/spring-context-5.3.23.jar:/Users/kuangjizu/.m2/repository/org/springframework/spring-expression/5.3.23/spring-expression-5.3.23.jar:/Users/kuangjizu/.m2/repository/org/springframework/boot/spring-boot-configuration-processor/2.7.5/spring-boot-configuration-processor-2.7.5.jar:/Users/kuangjizu/.m2/repository/javax/validation/validation-api/2.0.1.Final/validation-api-2.0.1.Final.jar:/Users/kuangjizu/.m2/repository/org/hibernate/validator/hibernate-validator/6.2.0.Final/hibernate-validator-6.2.0.Final.jar:/Users/kuangjizu/.m2/repository/jakarta/validation/jakarta.validation-api/2.0.2/jakarta.validation-api-2.0.2.jar:/Users/kuangjizu/.m2/repository/org/jboss/logging/jboss-logging/3.4.1.Final/jboss-logging-3.4.1.Final.jar:/Users/kuangjizu/.m2/repository/com/fasterxml/classmate/1.5.1/classmate-1.5.1.jar:/Users/kuangjizu/.m2/repository/org/slf4j/slf4j-api/1.7.36/slf4j-api-1.7.36.jar:/Users/kuangjizu/.m2/repository/ch/qos/logback/logback-classic/1.2.11/logback-classic-1.2.11.jar:/Users/kuangjizu/.m2/repository/ch/qos/logback/logback-core/1.2.11/logback-core-1.2.11.jar:/Users/kuangjizu/.m2/repository/org/springframework/boot/spring-boot-starter-test/2.7.5/spring-boot-starter-test-2.7.5.jar:/Users/kuangjizu/.m2/repository/org/springframework/boot/spring-boot-test/2.7.5/spring-boot-test-2.7.5.jar:/Users/kuangjizu/.m2/repository/org/springframework/boot/spring-boot-test-autoconfigure/2.7.5/spring-boot-test-autoconfigure-2.7.5.jar:/Users/kuangjizu/.m2/repository/com/jayway/jsonpath/json-path/2.7.0/json-path-2.7.0.jar:/Users/kuangjizu/.m2/repository/net/minidev/json-smart/2.4.7/json-smart-2.4.7.jar:/Users/kuangjizu/.m2/repository/net/minidev/accessors-smart/2.4.7/accessors-smart-2.4.7.jar:/Users/kuangjizu/.m2/repository/org/ow2/asm/asm/9.1/asm-9.1.jar:/Users/kuangjizu/.m2/repository/jakarta/xml/bind/jakarta.xml.bind-api/2.3.3/jakarta.xml.bind-api-2.3.3.jar:/Users/kuangjizu/.m2/repository/jakarta/activation/jakarta.activation-api/1.2.2/jakarta.activation-api-1.2.2.jar:/Users/kuangjizu/.m2/repository/org/assertj/assertj-core/3.22.0/assertj-core-3.22.0.jar:/Users/kuangjizu/.m2/repository/org/hamcrest/hamcrest/2.2/hamcrest-2.2.jar:/Users/kuangjizu/.m2/repository/org/junit/jupiter/junit-jupiter/5.8.2/junit-jupiter-5.8.2.jar:/Users/kuangjizu/.m2/repository/org/junit/jupiter/junit-jupiter-api/5.8.2/junit-jupiter-api-5.8.2.jar:/Users/kuangjizu/.m2/repository/org/opentest4j/opentest4j/1.2.0/opentest4j-1.2.0.jar:/Users/kuangjizu/.m2/repository/org/junit/platform/junit-platform-commons/1.8.2/junit-platform-commons-1.8.2.jar:/Users/kuangjizu/.m2/repository/org/apiguardian/apiguardian-api/1.1.2/apiguardian-api-1.1.2.jar:/Users/kuangjizu/.m2/repository/org/junit/jupiter/junit-jupiter-params/5.8.2/junit-jupiter-params-5.8.2.jar:/Users/kuangjizu/.m2/repository/org/junit/jupiter/junit-jupiter-engine/5.8.2/junit-jupiter-engine-5.8.2.jar:/Users/kuangjizu/.m2/repository/org/junit/platform/junit-platform-engine/1.8.2/junit-platform-engine-1.8.2.jar:/Users/kuangjizu/.m2/repository/org/mockito/mockito-core/4.5.1/mockito-core-4.5.1.jar:/Users/kuangjizu/.m2/repository/net/bytebuddy/byte-buddy/1.12.9/byte-buddy-1.12.9.jar:/Users/kuangjizu/.m2/repository/net/bytebuddy/byte-buddy-agent/1.12.9/byte-buddy-agent-1.12.9.jar:/Users/kuangjizu/.m2/repository/org/objenesis/objenesis/3.2/objenesis-3.2.jar:/Users/kuangjizu/.m2/repository/org/mockito/mockito-junit-jupiter/4.5.1/mockito-junit-jupiter-4.5.1.jar:/Users/kuangjizu/.m2/repository/org/skyscreamer/jsonassert/1.5.1/jsonassert-1.5.1.jar:/Users/kuangjizu/.m2/repository/com/vaadin/external/google/android-json/0.0.20131108.vaadin1/android-json-0.0.20131108.vaadin1.jar:/Users/kuangjizu/.m2/repository/org/springframework/spring-core/5.3.23/spring-core-5.3.23.jar:/Users/kuangjizu/.m2/repository/org/springframework/spring-jcl/5.3.23/spring-jcl-5.3.23.jar:/Users/kuangjizu/.m2/repository/org/springframework/spring-test/5.3.23/spring-test-5.3.23.jar:/Users/kuangjizu/.m2/repository/org/xmlunit/xmlunit-core/2.9.0/xmlunit-core-2.9.0.jar:"/>
    <property name="sun.cpu.endian" value="little"/>
    <property name="user.home" value="/Users/kuangjizu"/>
    <property name="user.language" value="zh"/>
    <property name="java.specification.vendor" value="Oracle Corporation"/>
    <property name="java.version.date" value="2025-04-15"/>
    <property name="java.home" value="/opt/homebrew/Cellar/openjdk/24.0.1/libexec/openjdk.jdk/Contents/Home"/>
    <property name="file.separator" value="/"/>
    <property name="basedir" value="/Users/kuangjizu/Desktop/work/秋招/ScriptToMCPServer"/>
    <property name="java.vm.compressedOopsMode" value="Zero based"/>
    <property name="line.separator" value="&#10;"/>
    <property name="java.vm.specification.vendor" value="Oracle Corporation"/>
    <property name="java.specification.name" value="Java Platform API Specification"/>
    <property name="FILE_LOG_CHARSET" value="UTF-8"/>
    <property name="java.awt.headless" value="true"/>
    <property name="apple.awt.application.name" value="ForkedBooter"/>
    <property name="surefire.real.class.path" value="/Users/kuangjizu/Desktop/work/秋招/ScriptToMCPServer/target/surefire/surefirebooter-20250804201809714_3.jar"/>
    <property name="user.script" value="Hans"/>
    <property name="sun.management.compiler" value="HotSpot 64-Bit Tiered Compilers"/>
    <property name="java.runtime.version" value="24.0.1"/>
    <property name="user.name" value="kuangjizu"/>
    <property name="stdout.encoding" value="UTF-8"/>
    <property name="path.separator" value=":"/>
    <property name="os.version" value="15.1"/>
    <property name="java.runtime.name" value="OpenJDK Runtime Environment"/>
    <property name="file.encoding" value="UTF-8"/>
    <property name="spring.beaninfo.ignore" value="true"/>
    <property name="java.vm.name" value="OpenJDK 64-Bit Server VM"/>
    <property name="java.vendor.version" value="Homebrew"/>
    <property name="localRepository" value="/Users/kuangjizu/.m2/repository"/>
    <property name="java.vendor.url.bug" value="https://github.com/Homebrew/homebrew-core/issues"/>
    <property name="java.io.tmpdir" value="/var/folders/pd/dfqgcl1x1tg38y9zjyx2g53h0000gn/T/"/>
    <property name="java.version" value="24.0.1"/>
    <property name="user.dir" value="/Users/kuangjizu/Desktop/work/秋招/ScriptToMCPServer"/>
    <property name="os.arch" value="aarch64"/>
    <property name="java.vm.specification.name" value="Java Virtual Machine Specification"/>
    <property name="PID" value="90562"/>
    <property name="CONSOLE_LOG_CHARSET" value="UTF-8"/>
    <property name="native.encoding" value="UTF-8"/>
    <property name="java.library.path" value="/Users/kuangjizu/Library/Java/Extensions:/Library/Java/Extensions:/Network/Library/Java/Extensions:/System/Library/Java/Extensions:/usr/lib/java:."/>
    <property name="java.vm.info" value="mixed mode, sharing"/>
    <property name="stderr.encoding" value="UTF-8"/>
    <property name="java.vendor" value="Homebrew"/>
    <property name="java.vm.version" value="24.0.1"/>
    <property name="sun.io.unicode.encoding" value="UnicodeBig"/>
    <property name="java.class.version" value="68.0"/>
  </properties>
  <testcase name="deployMCPServer" classname="com.example.scripttomcpserver.service.impl.MCPServerGeneratorServiceImplTest" time="3.132">
    <system-out><![CDATA[20:18:10.083 [main] DEBUG org.springframework.test.context.BootstrapUtils - Instantiating CacheAwareContextLoaderDelegate from class [org.springframework.test.context.cache.DefaultCacheAwareContextLoaderDelegate]
20:18:10.087 [main] DEBUG org.springframework.test.context.BootstrapUtils - Instantiating BootstrapContext using constructor [public org.springframework.test.context.support.DefaultBootstrapContext(java.lang.Class,org.springframework.test.context.CacheAwareContextLoaderDelegate)]
20:18:10.099 [main] DEBUG org.springframework.test.context.BootstrapUtils - Instantiating TestContextBootstrapper for test class [com.example.scripttomcpserver.service.impl.MCPServerGeneratorServiceImplTest] from class [org.springframework.boot.test.context.SpringBootTestContextBootstrapper]
20:18:10.103 [main] INFO org.springframework.boot.test.context.SpringBootTestContextBootstrapper - Neither @ContextConfiguration nor @ContextHierarchy found for test class [com.example.scripttomcpserver.service.impl.MCPServerGeneratorServiceImplTest], using SpringBootContextLoader
20:18:10.104 [main] DEBUG org.springframework.test.context.support.AbstractContextLoader - Did not detect default resource location for test class [com.example.scripttomcpserver.service.impl.MCPServerGeneratorServiceImplTest]: class path resource [com/example/scripttomcpserver/service/impl/MCPServerGeneratorServiceImplTest-context.xml] does not exist
20:18:10.104 [main] DEBUG org.springframework.test.context.support.AbstractContextLoader - Did not detect default resource location for test class [com.example.scripttomcpserver.service.impl.MCPServerGeneratorServiceImplTest]: class path resource [com/example/scripttomcpserver/service/impl/MCPServerGeneratorServiceImplTestContext.groovy] does not exist
20:18:10.104 [main] INFO org.springframework.test.context.support.AbstractContextLoader - Could not detect default resource locations for test class [com.example.scripttomcpserver.service.impl.MCPServerGeneratorServiceImplTest]: no resource found for suffixes {-context.xml, Context.groovy}.
20:18:10.104 [main] INFO org.springframework.test.context.support.AnnotationConfigContextLoaderUtils - Could not detect default configuration classes for test class [com.example.scripttomcpserver.service.impl.MCPServerGeneratorServiceImplTest]: MCPServerGeneratorServiceImplTest does not declare any static, non-private, non-final, nested classes annotated with @Configuration.
20:18:10.119 [main] DEBUG org.springframework.test.context.support.ActiveProfilesUtils - Could not find an 'annotation declaring class' for annotation type [org.springframework.test.context.ActiveProfiles] and class [com.example.scripttomcpserver.service.impl.MCPServerGeneratorServiceImplTest]
20:18:10.146 [main] DEBUG org.springframework.context.annotation.ClassPathScanningCandidateComponentProvider - Identified candidate component class: file [/Users/kuangjizu/Desktop/work/秋招/ScriptToMCPServer/target/classes/com/example/scripttomcpserver/ScriptToMCPServerApplication.class]
20:18:10.146 [main] INFO org.springframework.boot.test.context.SpringBootTestContextBootstrapper - Found @SpringBootConfiguration com.example.scripttomcpserver.ScriptToMCPServerApplication for test class com.example.scripttomcpserver.service.impl.MCPServerGeneratorServiceImplTest
20:18:10.180 [main] DEBUG org.springframework.boot.test.context.SpringBootTestContextBootstrapper - @TestExecutionListeners is not present for class [com.example.scripttomcpserver.service.impl.MCPServerGeneratorServiceImplTest]: using defaults.
20:18:10.180 [main] INFO org.springframework.boot.test.context.SpringBootTestContextBootstrapper - Loaded default TestExecutionListener class names from location [META-INF/spring.factories]: [org.springframework.boot.test.mock.mockito.MockitoTestExecutionListener, org.springframework.boot.test.mock.mockito.ResetMocksTestExecutionListener, org.springframework.boot.test.autoconfigure.restdocs.RestDocsTestExecutionListener, org.springframework.boot.test.autoconfigure.web.client.MockRestServiceServerResetTestExecutionListener, org.springframework.boot.test.autoconfigure.web.servlet.MockMvcPrintOnlyOnFailureTestExecutionListener, org.springframework.boot.test.autoconfigure.web.servlet.WebDriverTestExecutionListener, org.springframework.boot.test.autoconfigure.webservices.client.MockWebServiceServerTestExecutionListener, org.springframework.test.context.web.ServletTestExecutionListener, org.springframework.test.context.support.DirtiesContextBeforeModesTestExecutionListener, org.springframework.test.context.event.ApplicationEventsTestExecutionListener, org.springframework.test.context.support.DependencyInjectionTestExecutionListener, org.springframework.test.context.support.DirtiesContextTestExecutionListener, org.springframework.test.context.transaction.TransactionalTestExecutionListener, org.springframework.test.context.jdbc.SqlScriptsTestExecutionListener, org.springframework.test.context.event.EventPublishingTestExecutionListener]
20:18:10.187 [main] DEBUG org.springframework.boot.test.context.SpringBootTestContextBootstrapper - Skipping candidate TestExecutionListener [org.springframework.test.context.transaction.TransactionalTestExecutionListener] due to a missing dependency. Specify custom listener classes or make the default listener classes and their required dependencies available. Offending class: [org/springframework/transaction/TransactionDefinition]
20:18:10.187 [main] DEBUG org.springframework.boot.test.context.SpringBootTestContextBootstrapper - Skipping candidate TestExecutionListener [org.springframework.test.context.jdbc.SqlScriptsTestExecutionListener] due to a missing dependency. Specify custom listener classes or make the default listener classes and their required dependencies available. Offending class: [org/springframework/transaction/interceptor/TransactionAttribute]
20:18:10.187 [main] INFO org.springframework.boot.test.context.SpringBootTestContextBootstrapper - Using TestExecutionListeners: [org.springframework.test.context.web.ServletTestExecutionListener@12d2ce03, org.springframework.test.context.support.DirtiesContextBeforeModesTestExecutionListener@7e5c856f, org.springframework.test.context.event.ApplicationEventsTestExecutionListener@413f69cc, org.springframework.boot.test.mock.mockito.MockitoTestExecutionListener@1f53a5dc, org.springframework.boot.test.autoconfigure.SpringBootDependencyInjectionTestExecutionListener@1b75c2e3, org.springframework.test.context.support.DirtiesContextTestExecutionListener@1984b1f, org.springframework.test.context.event.EventPublishingTestExecutionListener@3bd323e9, org.springframework.boot.test.mock.mockito.ResetMocksTestExecutionListener@39ac0c0a, org.springframework.boot.test.autoconfigure.restdocs.RestDocsTestExecutionListener@c7ba306, org.springframework.boot.test.autoconfigure.web.client.MockRestServiceServerResetTestExecutionListener@4ff8d125, org.springframework.boot.test.autoconfigure.web.servlet.MockMvcPrintOnlyOnFailureTestExecutionListener@6d167f58, org.springframework.boot.test.autoconfigure.web.servlet.WebDriverTestExecutionListener@3403e2ac, org.springframework.boot.test.autoconfigure.webservices.client.MockWebServiceServerTestExecutionListener@65b104b9]
20:18:10.189 [main] DEBUG org.springframework.test.context.support.AbstractDirtiesContextTestExecutionListener - Before test class: context [DefaultTestContext@58ce9668 testClass = MCPServerGeneratorServiceImplTest, testInstance = [null], testMethod = [null], testException = [null], mergedContextConfiguration = [WebMergedContextConfiguration@172b013 testClass = MCPServerGeneratorServiceImplTest, locations = '{}', classes = '{class com.example.scripttomcpserver.ScriptToMCPServerApplication}', contextInitializerClasses = '[]', activeProfiles = '{}', propertySourceLocations = '{}', propertySourceProperties = '{org.springframework.boot.test.context.SpringBootTestContextBootstrapper=true}', contextCustomizers = set[org.springframework.boot.test.context.filter.ExcludeFilterContextCustomizer@3d5c822d, org.springframework.boot.test.json.DuplicateJsonObjectContextCustomizerFactory$DuplicateJsonObjectContextCustomizer@4d5b6aac, org.springframework.boot.test.mock.mockito.MockitoContextCustomizer@0, org.springframework.boot.test.web.client.TestRestTemplateContextCustomizer@156b88f5, org.springframework.boot.test.autoconfigure.actuate.metrics.MetricsExportContextCustomizerFactory$DisableMetricExportContextCustomizer@3232a28a, org.springframework.boot.test.autoconfigure.properties.PropertyMappingContextCustomizer@0, org.springframework.boot.test.autoconfigure.web.servlet.WebDriverContextCustomizerFactory$Customizer@543588e6, org.springframework.boot.test.context.SpringBootTestArgs@1, org.springframework.boot.test.context.SpringBootTestWebEnvironment@51c8530f], resourceBasePath = 'src/main/webapp', contextLoader = 'org.springframework.boot.test.context.SpringBootContextLoader', parent = [null]], attributes = map['org.springframework.test.context.web.ServletTestExecutionListener.activateListener' -> true]], class annotated with @DirtiesContext [false] with mode [null].

  .   ____          _            __ _ _
 /\\ / ___'_ __ _ _(_)_ __  __ _ \ \ \ \
( ( )\___ | '_ | '_| | '_ \/ _` | \ \ \ \
 \\/  ___)| |_)| | | | | || (_| |  ) ) ) )
  '  |____| .__|_| |_|_| |_\__, | / / / /
 =========|_|==============|___/=/_/_/_/
&amp#27;[32m :: Spring Boot :: &amp#27;[39m              &amp#27;[2m (v2.7.5)&amp#27;[0;39m

&amp#27;[2m2025-08-04 20:18:10.330&amp#27;[0;39m &amp#27;[32m INFO&amp#27;[0;39m &amp#27;[35m90562&amp#27;[0;39m &amp#27;[2m---&amp#27;[0;39m &amp#27;[2m[           main]&amp#27;[0;39m &amp#27;[36m.s.s.i.MCPServerGeneratorServiceImplTest&amp#27;[0;39m &amp#27;[2m:&amp#27;[0;39m Starting MCPServerGeneratorServiceImplTest using Java 24.0.1 on kuangjizudeMacBook-Pro.local with PID 90562 (started by kuangjizu in /Users/kuangjizu/Desktop/work/秋招/ScriptToMCPServer)
&amp#27;[2m2025-08-04 20:18:10.330&amp#27;[0;39m &amp#27;[32mDEBUG&amp#27;[0;39m &amp#27;[35m90562&amp#27;[0;39m &amp#27;[2m---&amp#27;[0;39m &amp#27;[2m[           main]&amp#27;[0;39m &amp#27;[36m.s.s.i.MCPServerGeneratorServiceImplTest&amp#27;[0;39m &amp#27;[2m:&amp#27;[0;39m Running with Spring Boot v2.7.5, Spring v5.3.23
&amp#27;[2m2025-08-04 20:18:10.330&amp#27;[0;39m &amp#27;[32m INFO&amp#27;[0;39m &amp#27;[35m90562&amp#27;[0;39m &amp#27;[2m---&amp#27;[0;39m &amp#27;[2m[           main]&amp#27;[0;39m &amp#27;[36m.s.s.i.MCPServerGeneratorServiceImplTest&amp#27;[0;39m &amp#27;[2m:&amp#27;[0;39m No active profile set, falling back to 1 default profile: "default"
&amp#27;[2m2025-08-04 20:18:10.737&amp#27;[0;39m &amp#27;[32m INFO&amp#27;[0;39m &amp#27;[35m90562&amp#27;[0;39m &amp#27;[2m---&amp#27;[0;39m &amp#27;[2m[           main]&amp#27;[0;39m &amp#27;[36mo.s.b.a.w.s.WelcomePageHandlerMapping   &amp#27;[0;39m &amp#27;[2m:&amp#27;[0;39m Adding welcome page: class path resource [static/index.html]
&amp#27;[2m2025-08-04 20:18:10.796&amp#27;[0;39m &amp#27;[32m INFO&amp#27;[0;39m &amp#27;[35m90562&amp#27;[0;39m &amp#27;[2m---&amp#27;[0;39m &amp#27;[2m[           main]&amp#27;[0;39m &amp#27;[36m.s.s.i.MCPServerGeneratorServiceImplTest&amp#27;[0;39m &amp#27;[2m:&amp#27;[0;39m Started MCPServerGeneratorServiceImplTest in 0.593 seconds (JVM running for 1.012)
&amp#27;[2m2025-08-04 20:18:10.866&amp#27;[0;39m &amp#27;[32m INFO&amp#27;[0;39m &amp#27;[35m90562&amp#27;[0;39m &amp#27;[2m---&amp#27;[0;39m &amp#27;[2m[           main]&amp#27;[0;39m &amp#27;[36mc.e.s.s.i.MCPServerGeneratorServiceImpl &amp#27;[0;39m &amp#27;[2m:&amp#27;[0;39m 开始生成符合MCP官方SDK规范的Server代码，配置: MCPServerConfig{machineDomain='test-machine.dev.example.com', scriptPath='/home/user/scripts', startCommand='python test_script.py', parameters=null, deployMachineIp='192.168.1.100', serverName='TestServer'}
&amp#27;[2m2025-08-04 20:18:10.919&amp#27;[0;39m &amp#27;[32m INFO&amp#27;[0;39m &amp#27;[35m90562&amp#27;[0;39m &amp#27;[2m---&amp#27;[0;39m &amp#27;[2m[           main]&amp#27;[0;39m &amp#27;[36mc.e.s.s.i.MCPServerGeneratorServiceImpl &amp#27;[0;39m &amp#27;[2m:&amp#27;[0;39m MCP Server代码生成成功，路径: /var/folders/pd/dfqgcl1x1tg38y9zjyx2g53h0000gn/T//mcp-server-06cd7123-27f1-4d72-8b26-6bc5b8859f28
&amp#27;[2m2025-08-04 20:18:10.920&amp#27;[0;39m &amp#27;[32m INFO&amp#27;[0;39m &amp#27;[35m90562&amp#27;[0;39m &amp#27;[2m---&amp#27;[0;39m &amp#27;[2m[           main]&amp#27;[0;39m &amp#27;[36mc.e.s.s.i.MCPServerGeneratorServiceImpl &amp#27;[0;39m &amp#27;[2m:&amp#27;[0;39m 开始打包MCP Server，代码路径: /var/folders/pd/dfqgcl1x1tg38y9zjyx2g53h0000gn/T//mcp-server-06cd7123-27f1-4d72-8b26-6bc5b8859f28
&amp#27;[2m2025-08-04 20:18:10.920&amp#27;[0;39m &amp#27;[32m INFO&amp#27;[0;39m &amp#27;[35m90562&amp#27;[0;39m &amp#27;[2m---&amp#27;[0;39m &amp#27;[2m[           main]&amp#27;[0;39m &amp#27;[36mc.e.s.s.i.MCPServerGeneratorServiceImpl &amp#27;[0;39m &amp#27;[2m:&amp#27;[0;39m MCP Server打包成功，包路径: /var/folders/pd/dfqgcl1x1tg38y9zjyx2g53h0000gn/T//mcp-server-06cd7123-27f1-4d72-8b26-6bc5b8859f28/target/mcp-server.jar
&amp#27;[2m2025-08-04 20:18:10.920&amp#27;[0;39m &amp#27;[32m INFO&amp#27;[0;39m &amp#27;[35m90562&amp#27;[0;39m &amp#27;[2m---&amp#27;[0;39m &amp#27;[2m[           main]&amp#27;[0;39m &amp#27;[36mc.e.s.s.i.MCPServerGeneratorServiceImpl &amp#27;[0;39m &amp#27;[2m:&amp#27;[0;39m 开始部署MCP Server，包路径: /var/folders/pd/dfqgcl1x1tg38y9zjyx2g53h0000gn/T//mcp-server-06cd7123-27f1-4d72-8b26-6bc5b8859f28/target/mcp-server.jar，部署机器: 192.168.1.100，服务器名称: TestServer
&amp#27;[2m2025-08-04 20:18:13.925&amp#27;[0;39m &amp#27;[32m INFO&amp#27;[0;39m &amp#27;[35m90562&amp#27;[0;39m &amp#27;[2m---&amp#27;[0;39m &amp#27;[2m[           main]&amp#27;[0;39m &amp#27;[36mc.e.s.s.i.MCPServerGeneratorServiceImpl &amp#27;[0;39m &amp#27;[2m:&amp#27;[0;39m MCP Server部署成功
部署结果: {success=true, serverUrl=http://192.168.1.100:8080/TestServer, message=MCP Server部署成功}
]]></system-out>
  </testcase>
  <testcase name="packageMCPServer" classname="com.example.scripttomcpserver.service.impl.MCPServerGeneratorServiceImplTest" time="0.007">
    <system-out><![CDATA[&amp#27;[2m2025-08-04 20:18:13.936&amp#27;[0;39m &amp#27;[32m INFO&amp#27;[0;39m &amp#27;[35m90562&amp#27;[0;39m &amp#27;[2m---&amp#27;[0;39m &amp#27;[2m[           main]&amp#27;[0;39m &amp#27;[36mc.e.s.s.i.MCPServerGeneratorServiceImpl &amp#27;[0;39m &amp#27;[2m:&amp#27;[0;39m 开始生成符合MCP官方SDK规范的Server代码，配置: MCPServerConfig{machineDomain='test-machine.dev.example.com', scriptPath='/home/user/scripts', startCommand='python test_script.py', parameters=null, deployMachineIp='192.168.1.100', serverName='TestServer'}
&amp#27;[2m2025-08-04 20:18:13.940&amp#27;[0;39m &amp#27;[32m INFO&amp#27;[0;39m &amp#27;[35m90562&amp#27;[0;39m &amp#27;[2m---&amp#27;[0;39m &amp#27;[2m[           main]&amp#27;[0;39m &amp#27;[36mc.e.s.s.i.MCPServerGeneratorServiceImpl &amp#27;[0;39m &amp#27;[2m:&amp#27;[0;39m MCP Server代码生成成功，路径: /var/folders/pd/dfqgcl1x1tg38y9zjyx2g53h0000gn/T//mcp-server-af513896-1e9e-43fd-ad53-672da3f23900
&amp#27;[2m2025-08-04 20:18:13.941&amp#27;[0;39m &amp#27;[32m INFO&amp#27;[0;39m &amp#27;[35m90562&amp#27;[0;39m &amp#27;[2m---&amp#27;[0;39m &amp#27;[2m[           main]&amp#27;[0;39m &amp#27;[36mc.e.s.s.i.MCPServerGeneratorServiceImpl &amp#27;[0;39m &amp#27;[2m:&amp#27;[0;39m 开始打包MCP Server，代码路径: /var/folders/pd/dfqgcl1x1tg38y9zjyx2g53h0000gn/T//mcp-server-af513896-1e9e-43fd-ad53-672da3f23900
&amp#27;[2m2025-08-04 20:18:13.941&amp#27;[0;39m &amp#27;[32m INFO&amp#27;[0;39m &amp#27;[35m90562&amp#27;[0;39m &amp#27;[2m---&amp#27;[0;39m &amp#27;[2m[           main]&amp#27;[0;39m &amp#27;[36mc.e.s.s.i.MCPServerGeneratorServiceImpl &amp#27;[0;39m &amp#27;[2m:&amp#27;[0;39m MCP Server打包成功，包路径: /var/folders/pd/dfqgcl1x1tg38y9zjyx2g53h0000gn/T//mcp-server-af513896-1e9e-43fd-ad53-672da3f23900/target/mcp-server.jar
打包后的文件路径: /var/folders/pd/dfqgcl1x1tg38y9zjyx2g53h0000gn/T//mcp-server-af513896-1e9e-43fd-ad53-672da3f23900/target/mcp-server.jar
]]></system-out>
  </testcase>
  <testcase name="generateMCPServerCode" classname="com.example.scripttomcpserver.service.impl.MCPServerGeneratorServiceImplTest" time="0.011">
    <system-out><![CDATA[&amp#27;[2m2025-08-04 20:18:13.945&amp#27;[0;39m &amp#27;[32m INFO&amp#27;[0;39m &amp#27;[35m90562&amp#27;[0;39m &amp#27;[2m---&amp#27;[0;39m &amp#27;[2m[           main]&amp#27;[0;39m &amp#27;[36mc.e.s.s.i.MCPServerGeneratorServiceImpl &amp#27;[0;39m &amp#27;[2m:&amp#27;[0;39m 开始生成符合MCP官方SDK规范的Server代码，配置: MCPServerConfig{machineDomain='test-machine.dev.example.com', scriptPath='/home/user/scripts', startCommand='python test_script.py', parameters={output=default_output.txt, input=default_input.txt}, deployMachineIp='192.168.1.100', serverName='TestServer'}
&amp#27;[2m2025-08-04 20:18:13.953&amp#27;[0;39m &amp#27;[32m INFO&amp#27;[0;39m &amp#27;[35m90562&amp#27;[0;39m &amp#27;[2m---&amp#27;[0;39m &amp#27;[2m[           main]&amp#27;[0;39m &amp#27;[36mc.e.s.s.i.MCPServerGeneratorServiceImpl &amp#27;[0;39m &amp#27;[2m:&amp#27;[0;39m MCP Server代码生成成功，路径: /var/folders/pd/dfqgcl1x1tg38y9zjyx2g53h0000gn/T//mcp-server-66bbb279-17d7-49f0-9dd6-b7018b920286
生成的代码路径: /var/folders/pd/dfqgcl1x1tg38y9zjyx2g53h0000gn/T//mcp-server-66bbb279-17d7-49f0-9dd6-b7018b920286
]]></system-out>
  </testcase>
  <testcase name="initializeSshKey" classname="com.example.scripttomcpserver.service.impl.MCPServerGeneratorServiceImplTest" time="2.007">
    <system-out><![CDATA[&amp#27;[2m2025-08-04 20:18:13.958&amp#27;[0;39m &amp#27;[32m INFO&amp#27;[0;39m &amp#27;[35m90562&amp#27;[0;39m &amp#27;[2m---&amp#27;[0;39m &amp#27;[2m[           main]&amp#27;[0;39m &amp#27;[36mc.e.s.s.i.MCPServerGeneratorServiceImpl &amp#27;[0;39m &amp#27;[2m:&amp#27;[0;39m 开始初始化部署机器 192.168.1.100 的SSH密钥，目标机器: test-machine.dev.example.com
&amp#27;[2m2025-08-04 20:18:15.963&amp#27;[0;39m &amp#27;[32m INFO&amp#27;[0;39m &amp#27;[35m90562&amp#27;[0;39m &amp#27;[2m---&amp#27;[0;39m &amp#27;[2m[           main]&amp#27;[0;39m &amp#27;[36mc.e.s.s.i.MCPServerGeneratorServiceImpl &amp#27;[0;39m &amp#27;[2m:&amp#27;[0;39m SSH密钥初始化成功
]]></system-out>
  </testcase>
</testsuite>